<?xml version="1.0" encoding="UTF-8"?>
<!-- Generated by org.testng.reporters.JUnitXMLReporter -->
<testsuite ignored="0" hostname="DESKTOP-47P2MTB" failures="0" tests="27" name="Surefire test" time="50.181" errors="0" timestamp="2024-10-02T21:07:49 IST">
  <testcase classname="api.test.PetTest" name="testAddNewPet" time="4.337"/>
  <testcase classname="api.test.PetTest" name="testAddNewPet" time="1.454"/>
  <testcase classname="api.test.PetTest" name="testAddNewPet" time="1.395"/>
  <testcase classname="api.test.PetTest" name="testUpdateExistingPet" time="1.407"/>
  <testcase classname="api.test.PetTest" name="testUpdateExistingPet" time="1.399"/>
  <testcase classname="api.test.PetTest" name="testUpdateExistingPet" time="1.398"/>
  <testcase classname="api.test.PetTest" name="testFindPetByStatus" time="1.396"/>
  <testcase classname="api.test.PetTest" name="testFindPetByTags" time="1.398"/>
  <testcase classname="api.test.PetTest" name="testFindPet" time="2.793"/>
  <testcase classname="api.test.PetTest" name="testFindPet" time="2.795"/>
  <testcase classname="api.test.PetTest" name="testFindPet" time="2.634"/>
  <testcase classname="api.test.PetTest" name="testUpdatePet" time="1.76"/>
  <testcase classname="api.test.PetTest" name="testUploadPetImage" time="1.561"/>
  <testcase classname="api.test.PetTest" name="testDeletePet" time="1.394"/>
  <testcase classname="api.test.StoreTest" name="testPostStore" time="1.443"/>
  <testcase classname="api.test.StoreTest" name="testGetStore" time="2.1"/>
  <testcase classname="api.test.StoreTest" name="testGetStoreInventories" time="1.415"/>
  <testcase classname="api.test.StoreTest" name="testDeleteStore" time="1.431"/>
  <testcase classname="api.test.UserTest" name="testPostUser" time="1.378"/>
  <testcase classname="api.test.UserTest" name="testGetUser" time="1.296"/>
  <testcase classname="api.test.UserTest" name="testPutUser" time="1.264"/>
  <testcase classname="api.test.UserTest" name="testDeleteUser" time="1.343"/>
  <testcase classname="api.test.UserTest" name="testLoginUser" time="1.361"/>
  <testcase classname="api.test.UserTest" name="testLogoutUser" time="1.328"/>
  <testcase classname="api.test.UserTest" name="testLoginUserTime" time="1.353"/>
  <testcase classname="api.test.UserTest" name="testLogoutUserTime" time="1.354"/>
  <testcase classname="api.test.UserTest" name="testCreateUsers" time="1.28"/>
</testsuite> <!-- Surefire test -->
