<?xml version="1.0" encoding="UTF-8"?>
<!-- Generated by org.testng.reporters.JUnitXMLReporter -->
<testsuite ignored="0" hostname="DESKTOP-47P2MTB" failures="0" tests="9" name="Default test" time="17.09" errors="0" timestamp="2024-10-02T20:55:04 IST">
  <testcase classname="api.test.UserTest" name="testPostUser" time="4.175"/>
  <testcase classname="api.test.UserTest" name="testGetUser" time="2.384"/>
  <testcase classname="api.test.UserTest" name="testPutUser" time="1.373"/>
  <testcase classname="api.test.UserTest" name="testDeleteUser" time="1.356"/>
  <testcase classname="api.test.UserTest" name="testLoginUser" time="1.366"/>
  <testcase classname="api.test.UserTest" name="testLogoutUser" time="1.376"/>
  <testcase classname="api.test.UserTest" name="testLoginUserTime" time="1.444"/>
  <testcase classname="api.test.UserTest" name="testLogoutUserTime" time="1.357"/>
  <testcase classname="api.test.UserTest" name="testCreateUsers" time="1.348"/>
</testsuite> <!-- Default test -->
