<?xml version="1.0" encoding="UTF-8"?>
<testng-results ignored="0" total="27" passed="27" failed="0" skipped="0">
  <reporter-output>
  </reporter-output>
  <suite started-at="2024-10-02T21:06:58 IST" name="Surefire suite" finished-at="2024-10-02T21:07:49 IST" duration-ms="50181">
    <groups>
    </groups>
    <test started-at="2024-10-02T21:06:58 IST" name="Surefire test" finished-at="2024-10-02T21:07:49 IST" duration-ms="50181">
      <class name="api.test.PetTest">
        <test-method is-config="true" signature="setUpData()[pri:0, instance:api.test.PetTest@1f0f1111]" started-at="2024-10-02T21:06:59 IST" name="setUpData" finished-at="2024-10-02T21:06:59 IST" duration-ms="13" status="PASS">
          <reporter-output>
          </reporter-output>
        </test-method> <!-- setUpData -->
        <test-method signature="testAddNewPet(java.lang.String,java.lang.String,java.lang.String,java.lang.String,java.lang.String,java.lang.String,java.lang.String,java.lang.String,java.lang.String)[pri:1, instance:api.test.PetTest@1f0f1111]" started-at="2024-10-02T21:07:02 IST" name="testAddNewPet" data-provider="PetData" finished-at="2024-10-02T21:07:06 IST" duration-ms="4337" status="PASS">
          <params>
            <param index="0">
              <value>
                <![CDATA[1]]>
              </value>
            </param>
            <param index="1">
              <value>
                <![CDATA[123]]>
              </value>
            </param>
            <param index="2">
              <value>
                <![CDATA[Bird]]>
              </value>
            </param>
            <param index="3">
              <value>
                <![CDATA[Sona]]>
              </value>
            </param>
            <param index="4">
              <value>
                <![CDATA[www.google.com]]>
              </value>
            </param>
            <param index="5">
              <value>
                <![CDATA[www.facebook.com]]>
              </value>
            </param>
            <param index="6">
              <value>
                <![CDATA[10]]>
              </value>
            </param>
            <param index="7">
              <value>
                <![CDATA[Red]]>
              </value>
            </param>
            <param index="8">
              <value>
                <![CDATA[available]]>
              </value>
            </param>
          </params>
          <reporter-output>
          </reporter-output>
        </test-method> <!-- testAddNewPet -->
        <test-method signature="testAddNewPet(java.lang.String,java.lang.String,java.lang.String,java.lang.String,java.lang.String,java.lang.String,java.lang.String,java.lang.String,java.lang.String)[pri:1, instance:api.test.PetTest@1f0f1111]" started-at="2024-10-02T21:07:06 IST" name="testAddNewPet" data-provider="PetData" finished-at="2024-10-02T21:07:07 IST" duration-ms="1454" status="PASS">
          <params>
            <param index="0">
              <value>
                <![CDATA[2]]>
              </value>
            </param>
            <param index="1">
              <value>
                <![CDATA[234]]>
              </value>
            </param>
            <param index="2">
              <value>
                <![CDATA[Animal]]>
              </value>
            </param>
            <param index="3">
              <value>
                <![CDATA[Lucky]]>
              </value>
            </param>
            <param index="4">
              <value>
                <![CDATA[www.google.com]]>
              </value>
            </param>
            <param index="5">
              <value>
                <![CDATA[www.facebook.com]]>
              </value>
            </param>
            <param index="6">
              <value>
                <![CDATA[20]]>
              </value>
            </param>
            <param index="7">
              <value>
                <![CDATA[Black]]>
              </value>
            </param>
            <param index="8">
              <value>
                <![CDATA[pending]]>
              </value>
            </param>
          </params>
          <reporter-output>
          </reporter-output>
        </test-method> <!-- testAddNewPet -->
        <test-method signature="testAddNewPet(java.lang.String,java.lang.String,java.lang.String,java.lang.String,java.lang.String,java.lang.String,java.lang.String,java.lang.String,java.lang.String)[pri:1, instance:api.test.PetTest@1f0f1111]" started-at="2024-10-02T21:07:07 IST" name="testAddNewPet" data-provider="PetData" finished-at="2024-10-02T21:07:09 IST" duration-ms="1395" status="PASS">
          <params>
            <param index="0">
              <value>
                <![CDATA[3]]>
              </value>
            </param>
            <param index="1">
              <value>
                <![CDATA[345]]>
              </value>
            </param>
            <param index="2">
              <value>
                <![CDATA[Fish]]>
              </value>
            </param>
            <param index="3">
              <value>
                <![CDATA[Goldy]]>
              </value>
            </param>
            <param index="4">
              <value>
                <![CDATA[www.google.com]]>
              </value>
            </param>
            <param index="5">
              <value>
                <![CDATA[www.facebook.com]]>
              </value>
            </param>
            <param index="6">
              <value>
                <![CDATA[30]]>
              </value>
            </param>
            <param index="7">
              <value>
                <![CDATA[Golden]]>
              </value>
            </param>
            <param index="8">
              <value>
                <![CDATA[sold]]>
              </value>
            </param>
          </params>
          <reporter-output>
          </reporter-output>
        </test-method> <!-- testAddNewPet -->
        <test-method signature="testUpdateExistingPet(java.lang.String,java.lang.String,java.lang.String,java.lang.String,java.lang.String,java.lang.String,java.lang.String,java.lang.String,java.lang.String)[pri:2, instance:api.test.PetTest@1f0f1111]" started-at="2024-10-02T21:07:09 IST" name="testUpdateExistingPet" data-provider="UpdatedPetData" finished-at="2024-10-02T21:07:11 IST" duration-ms="1407" status="PASS">
          <params>
            <param index="0">
              <value is-null="true"/>
            </param>
            <param index="1">
              <value>
                <![CDATA[123]]>
              </value>
            </param>
            <param index="2">
              <value>
                <![CDATA[Bird555]]>
              </value>
            </param>
            <param index="3">
              <value>
                <![CDATA[Sona]]>
              </value>
            </param>
            <param index="4">
              <value>
                <![CDATA[www.google.com]]>
              </value>
            </param>
            <param index="5">
              <value>
                <![CDATA[www.facebook.com]]>
              </value>
            </param>
            <param index="6">
              <value>
                <![CDATA[11]]>
              </value>
            </param>
            <param index="7">
              <value>
                <![CDATA[Red]]>
              </value>
            </param>
            <param index="8">
              <value>
                <![CDATA[available]]>
              </value>
            </param>
          </params>
          <reporter-output>
          </reporter-output>
        </test-method> <!-- testUpdateExistingPet -->
        <test-method signature="testUpdateExistingPet(java.lang.String,java.lang.String,java.lang.String,java.lang.String,java.lang.String,java.lang.String,java.lang.String,java.lang.String,java.lang.String)[pri:2, instance:api.test.PetTest@1f0f1111]" started-at="2024-10-02T21:07:11 IST" name="testUpdateExistingPet" data-provider="UpdatedPetData" finished-at="2024-10-02T21:07:12 IST" duration-ms="1399" status="PASS">
          <params>
            <param index="0">
              <value is-null="true"/>
            </param>
            <param index="1">
              <value>
                <![CDATA[234]]>
              </value>
            </param>
            <param index="2">
              <value>
                <![CDATA[Animal555]]>
              </value>
            </param>
            <param index="3">
              <value>
                <![CDATA[Lucky]]>
              </value>
            </param>
            <param index="4">
              <value>
                <![CDATA[www.google.com]]>
              </value>
            </param>
            <param index="5">
              <value>
                <![CDATA[www.facebook.com]]>
              </value>
            </param>
            <param index="6">
              <value>
                <![CDATA[22]]>
              </value>
            </param>
            <param index="7">
              <value>
                <![CDATA[Black]]>
              </value>
            </param>
            <param index="8">
              <value>
                <![CDATA[pending]]>
              </value>
            </param>
          </params>
          <reporter-output>
          </reporter-output>
        </test-method> <!-- testUpdateExistingPet -->
        <test-method signature="testUpdateExistingPet(java.lang.String,java.lang.String,java.lang.String,java.lang.String,java.lang.String,java.lang.String,java.lang.String,java.lang.String,java.lang.String)[pri:2, instance:api.test.PetTest@1f0f1111]" started-at="2024-10-02T21:07:12 IST" name="testUpdateExistingPet" data-provider="UpdatedPetData" finished-at="2024-10-02T21:07:14 IST" duration-ms="1398" status="PASS">
          <params>
            <param index="0">
              <value is-null="true"/>
            </param>
            <param index="1">
              <value>
                <![CDATA[345]]>
              </value>
            </param>
            <param index="2">
              <value>
                <![CDATA[Fish555]]>
              </value>
            </param>
            <param index="3">
              <value>
                <![CDATA[Goldy]]>
              </value>
            </param>
            <param index="4">
              <value>
                <![CDATA[www.google.com]]>
              </value>
            </param>
            <param index="5">
              <value>
                <![CDATA[www.facebook.com]]>
              </value>
            </param>
            <param index="6">
              <value>
                <![CDATA[33]]>
              </value>
            </param>
            <param index="7">
              <value>
                <![CDATA[Golden]]>
              </value>
            </param>
            <param index="8">
              <value>
                <![CDATA[sold]]>
              </value>
            </param>
          </params>
          <reporter-output>
          </reporter-output>
        </test-method> <!-- testUpdateExistingPet -->
        <test-method signature="testFindPetByStatus()[pri:3, instance:api.test.PetTest@1f0f1111]" started-at="2024-10-02T21:07:14 IST" name="testFindPetByStatus" finished-at="2024-10-02T21:07:15 IST" duration-ms="1396" status="PASS">
          <reporter-output>
          </reporter-output>
        </test-method> <!-- testFindPetByStatus -->
        <test-method signature="testFindPetByTags()[pri:4, instance:api.test.PetTest@1f0f1111]" started-at="2024-10-02T21:07:15 IST" name="testFindPetByTags" finished-at="2024-10-02T21:07:16 IST" duration-ms="1398" status="PASS">
          <reporter-output>
          </reporter-output>
        </test-method> <!-- testFindPetByTags -->
        <test-method signature="testFindPet(java.lang.String,java.lang.String,java.lang.String,java.lang.String,java.lang.String,java.lang.String,java.lang.String,java.lang.String,java.lang.String)[pri:5, instance:api.test.PetTest@1f0f1111]" started-at="2024-10-02T21:07:17 IST" name="testFindPet" data-provider="PetData" finished-at="2024-10-02T21:07:20 IST" duration-ms="2793" status="PASS">
          <params>
            <param index="0">
              <value>
                <![CDATA[1]]>
              </value>
            </param>
            <param index="1">
              <value>
                <![CDATA[123]]>
              </value>
            </param>
            <param index="2">
              <value>
                <![CDATA[Bird]]>
              </value>
            </param>
            <param index="3">
              <value>
                <![CDATA[Sona]]>
              </value>
            </param>
            <param index="4">
              <value>
                <![CDATA[www.google.com]]>
              </value>
            </param>
            <param index="5">
              <value>
                <![CDATA[www.facebook.com]]>
              </value>
            </param>
            <param index="6">
              <value>
                <![CDATA[10]]>
              </value>
            </param>
            <param index="7">
              <value>
                <![CDATA[Red]]>
              </value>
            </param>
            <param index="8">
              <value>
                <![CDATA[available]]>
              </value>
            </param>
          </params>
          <reporter-output>
          </reporter-output>
        </test-method> <!-- testFindPet -->
        <test-method signature="testFindPet(java.lang.String,java.lang.String,java.lang.String,java.lang.String,java.lang.String,java.lang.String,java.lang.String,java.lang.String,java.lang.String)[pri:5, instance:api.test.PetTest@1f0f1111]" started-at="2024-10-02T21:07:20 IST" name="testFindPet" data-provider="PetData" finished-at="2024-10-02T21:07:23 IST" duration-ms="2795" status="PASS">
          <params>
            <param index="0">
              <value>
                <![CDATA[2]]>
              </value>
            </param>
            <param index="1">
              <value>
                <![CDATA[234]]>
              </value>
            </param>
            <param index="2">
              <value>
                <![CDATA[Animal]]>
              </value>
            </param>
            <param index="3">
              <value>
                <![CDATA[Lucky]]>
              </value>
            </param>
            <param index="4">
              <value>
                <![CDATA[www.google.com]]>
              </value>
            </param>
            <param index="5">
              <value>
                <![CDATA[www.facebook.com]]>
              </value>
            </param>
            <param index="6">
              <value>
                <![CDATA[20]]>
              </value>
            </param>
            <param index="7">
              <value>
                <![CDATA[Black]]>
              </value>
            </param>
            <param index="8">
              <value>
                <![CDATA[pending]]>
              </value>
            </param>
          </params>
          <reporter-output>
          </reporter-output>
        </test-method> <!-- testFindPet -->
        <test-method signature="testFindPet(java.lang.String,java.lang.String,java.lang.String,java.lang.String,java.lang.String,java.lang.String,java.lang.String,java.lang.String,java.lang.String)[pri:5, instance:api.test.PetTest@1f0f1111]" started-at="2024-10-02T21:07:23 IST" name="testFindPet" data-provider="PetData" finished-at="2024-10-02T21:07:25 IST" duration-ms="2634" status="PASS">
          <params>
            <param index="0">
              <value>
                <![CDATA[3]]>
              </value>
            </param>
            <param index="1">
              <value>
                <![CDATA[345]]>
              </value>
            </param>
            <param index="2">
              <value>
                <![CDATA[Fish]]>
              </value>
            </param>
            <param index="3">
              <value>
                <![CDATA[Goldy]]>
              </value>
            </param>
            <param index="4">
              <value>
                <![CDATA[www.google.com]]>
              </value>
            </param>
            <param index="5">
              <value>
                <![CDATA[www.facebook.com]]>
              </value>
            </param>
            <param index="6">
              <value>
                <![CDATA[30]]>
              </value>
            </param>
            <param index="7">
              <value>
                <![CDATA[Golden]]>
              </value>
            </param>
            <param index="8">
              <value>
                <![CDATA[sold]]>
              </value>
            </param>
          </params>
          <reporter-output>
          </reporter-output>
        </test-method> <!-- testFindPet -->
        <test-method signature="testUpdatePet()[pri:6, instance:api.test.PetTest@1f0f1111]" started-at="2024-10-02T21:07:25 IST" name="testUpdatePet" finished-at="2024-10-02T21:07:27 IST" duration-ms="1760" status="PASS">
          <reporter-output>
          </reporter-output>
        </test-method> <!-- testUpdatePet -->
        <test-method signature="testUploadPetImage()[pri:7, instance:api.test.PetTest@1f0f1111]" started-at="2024-10-02T21:07:27 IST" name="testUploadPetImage" finished-at="2024-10-02T21:07:29 IST" duration-ms="1561" status="PASS">
          <reporter-output>
          </reporter-output>
        </test-method> <!-- testUploadPetImage -->
        <test-method signature="testDeletePet()[pri:8, instance:api.test.PetTest@1f0f1111]" started-at="2024-10-02T21:07:29 IST" name="testDeletePet" finished-at="2024-10-02T21:07:30 IST" duration-ms="1394" status="PASS">
          <reporter-output>
          </reporter-output>
        </test-method> <!-- testDeletePet -->
      </class> <!-- api.test.PetTest -->
      <class name="api.test.UserTest">
        <test-method is-config="true" signature="setUpData()[pri:0, instance:api.test.UserTest@59d016c9]" started-at="2024-10-02T21:07:36 IST" name="setUpData" finished-at="2024-10-02T21:07:37 IST" duration-ms="232" status="PASS">
          <reporter-output>
          </reporter-output>
        </test-method> <!-- setUpData -->
        <test-method signature="testPostUser()[pri:1, instance:api.test.UserTest@59d016c9]" started-at="2024-10-02T21:07:37 IST" name="testPostUser" finished-at="2024-10-02T21:07:38 IST" duration-ms="1378" status="PASS">
          <reporter-output>
          </reporter-output>
        </test-method> <!-- testPostUser -->
        <test-method signature="testGetUser()[pri:2, instance:api.test.UserTest@59d016c9]" started-at="2024-10-02T21:07:38 IST" name="testGetUser" finished-at="2024-10-02T21:07:39 IST" duration-ms="1296" status="PASS">
          <reporter-output>
          </reporter-output>
        </test-method> <!-- testGetUser -->
        <test-method signature="testPutUser()[pri:3, instance:api.test.UserTest@59d016c9]" started-at="2024-10-02T21:07:39 IST" name="testPutUser" finished-at="2024-10-02T21:07:41 IST" duration-ms="1264" status="PASS">
          <reporter-output>
          </reporter-output>
        </test-method> <!-- testPutUser -->
        <test-method signature="testDeleteUser()[pri:4, instance:api.test.UserTest@59d016c9]" started-at="2024-10-02T21:07:41 IST" name="testDeleteUser" finished-at="2024-10-02T21:07:42 IST" duration-ms="1343" status="PASS">
          <reporter-output>
          </reporter-output>
        </test-method> <!-- testDeleteUser -->
        <test-method signature="testLoginUser()[pri:5, instance:api.test.UserTest@59d016c9]" started-at="2024-10-02T21:07:42 IST" name="testLoginUser" finished-at="2024-10-02T21:07:43 IST" duration-ms="1361" status="PASS">
          <reporter-output>
          </reporter-output>
        </test-method> <!-- testLoginUser -->
        <test-method signature="testLogoutUser()[pri:6, instance:api.test.UserTest@59d016c9]" started-at="2024-10-02T21:07:43 IST" name="testLogoutUser" finished-at="2024-10-02T21:07:45 IST" duration-ms="1328" status="PASS">
          <reporter-output>
          </reporter-output>
        </test-method> <!-- testLogoutUser -->
        <test-method signature="testLoginUserTime()[pri:7, instance:api.test.UserTest@59d016c9]" started-at="2024-10-02T21:07:45 IST" name="testLoginUserTime" finished-at="2024-10-02T21:07:46 IST" duration-ms="1353" status="PASS">
          <reporter-output>
          </reporter-output>
        </test-method> <!-- testLoginUserTime -->
        <test-method signature="testLogoutUserTime()[pri:8, instance:api.test.UserTest@59d016c9]" started-at="2024-10-02T21:07:46 IST" name="testLogoutUserTime" finished-at="2024-10-02T21:07:47 IST" duration-ms="1354" status="PASS">
          <reporter-output>
          </reporter-output>
        </test-method> <!-- testLogoutUserTime -->
        <test-method signature="testCreateUsers()[pri:9, instance:api.test.UserTest@59d016c9]" started-at="2024-10-02T21:07:47 IST" name="testCreateUsers" finished-at="2024-10-02T21:07:49 IST" duration-ms="1280" status="PASS">
          <reporter-output>
          </reporter-output>
        </test-method> <!-- testCreateUsers -->
      </class> <!-- api.test.UserTest -->
      <class name="api.test.StoreTest">
        <test-method is-config="true" signature="setUpData()[pri:0, instance:api.test.StoreTest@4b5a5ed1]" started-at="2024-10-02T21:07:30 IST" name="setUpData" finished-at="2024-10-02T21:07:30 IST" duration-ms="34" status="PASS">
          <reporter-output>
          </reporter-output>
        </test-method> <!-- setUpData -->
        <test-method signature="testPostStore()[pri:1, instance:api.test.StoreTest@4b5a5ed1]" started-at="2024-10-02T21:07:30 IST" name="testPostStore" finished-at="2024-10-02T21:07:31 IST" duration-ms="1443" status="PASS">
          <reporter-output>
          </reporter-output>
        </test-method> <!-- testPostStore -->
        <test-method signature="testGetStore()[pri:2, instance:api.test.StoreTest@4b5a5ed1]" started-at="2024-10-02T21:07:31 IST" name="testGetStore" finished-at="2024-10-02T21:07:34 IST" duration-ms="2100" status="PASS">
          <reporter-output>
          </reporter-output>
        </test-method> <!-- testGetStore -->
        <test-method signature="testGetStoreInventories()[pri:3, instance:api.test.StoreTest@4b5a5ed1]" started-at="2024-10-02T21:07:34 IST" name="testGetStoreInventories" finished-at="2024-10-02T21:07:35 IST" duration-ms="1415" status="PASS">
          <reporter-output>
          </reporter-output>
        </test-method> <!-- testGetStoreInventories -->
        <test-method signature="testDeleteStore()[pri:4, instance:api.test.StoreTest@4b5a5ed1]" started-at="2024-10-02T21:07:35 IST" name="testDeleteStore" finished-at="2024-10-02T21:07:36 IST" duration-ms="1431" status="PASS">
          <reporter-output>
          </reporter-output>
        </test-method> <!-- testDeleteStore -->
      </class> <!-- api.test.StoreTest -->
    </test> <!-- Surefire test -->
  </suite> <!-- Surefire suite -->
</testng-results>
