<?xml version="1.0" encoding="UTF-8"?>
<testsuite xmlns:xsi="http://www.w3.org/2001/XMLSchema-instance" xsi:noNamespaceSchemaLocation="https://maven.apache.org/surefire/maven-surefire-plugin/xsd/surefire-test-report.xsd" version="3.0.2" name="TestSuite" time="51.999" tests="27" errors="0" skipped="0" failures="0">
  <properties>
[...]
</properties>
  <testcase name="testAddNewPet[1, 123, Bird, Sona, www.google.com, www.facebook.com, 10, Red, available](1)" classname="api.test.PetTest" time="4.327">
    <system-out><![CDATA[Started Executing.
Started Executing.
Started Executing.
testAddNewPet started executing.
HTTP/1.1 200 OK
{
    "id": 1,
    "category": {
        "id": 123,
        "name": "Bird"
    },
    "name": "Sona",
    "photoUrls": [
        "www.google.com",
        "www.facebook.com"
    ],
    "tags": [
        {
            "id": 10,
            "name": "Red"
        }
    ],
    "status": "available"
}
]]></system-out>
    <system-err><![CDATA[SLF4J: Failed to load class "org.slf4j.impl.StaticLoggerBinder".
SLF4J: Defaulting to no-operation (NOP) logger implementation
SLF4J: See http://www.slf4j.org/codes.html#StaticLoggerBinder for further details.
ERROR StatusLogger Log4j2 could not find a logging implementation. Please add log4j-core to the classpath. Using SimpleLogger to log to the console...
]]></system-err>
  </testcase>
  <testcase name="testAddNewPet[2, 234, Animal, Lucky, www.google.com, www.facebook.com, 20, Black, pending](2)" classname="api.test.PetTest" time="1.448">
    <system-out><![CDATA[testAddNewPet got successfully executed.
Started Executing.
Started Executing.
Started Executing.
testAddNewPet started executing.
HTTP/1.1 200 OK
{
    "id": 2,
    "category": {
        "id": 234,
        "name": "Animal"
    },
    "name": "Lucky",
    "photoUrls": [
        "www.google.com",
        "www.facebook.com"
    ],
    "tags": [
        {
            "id": 20,
            "name": "Black"
        }
    ],
    "status": "pending"
}
]]></system-out>
  </testcase>
  <testcase name="testAddNewPet[3, 345, Fish, Goldy, www.google.com, www.facebook.com, 30, Golden, sold](3)" classname="api.test.PetTest" time="1.414">
    <system-out><![CDATA[testAddNewPet got successfully executed.
Started Executing.
Started Executing.
Started Executing.
testAddNewPet started executing.
HTTP/1.1 200 OK
{
    "id": 3,
    "category": {
        "id": 345,
        "name": "Fish"
    },
    "name": "Goldy",
    "photoUrls": [
        "www.google.com",
        "www.facebook.com"
    ],
    "tags": [
        {
            "id": 30,
            "name": "Golden"
        }
    ],
    "status": "sold"
}
]]></system-out>
  </testcase>
  <testcase name="testUpdateExistingPet[null, 123, Bird555, Sona, www.google.com, www.facebook.com, 11, Red, available](1)" classname="api.test.PetTest" time="1.406">
    <system-out><![CDATA[testAddNewPet got successfully executed.
Started Executing.
Started Executing.
Started Executing.
testUpdateExistingPet started executing.
HTTP/1.1 200 OK
{
    "id": 9223372036854097905,
    "category": {
        "id": 123,
        "name": "Bird555"
    },
    "name": "Sona",
    "photoUrls": [
        "www.google.com",
        "www.facebook.com"
    ],
    "tags": [
        {
            "id": 11,
            "name": "Red"
        }
    ],
    "status": "available"
}
]]></system-out>
  </testcase>
  <testcase name="testUpdateExistingPet[null, 234, Animal555, Lucky, www.google.com, www.facebook.com, 22, Black, pending](2)" classname="api.test.PetTest" time="1.396">
    <system-out><![CDATA[testUpdateExistingPet got successfully executed.
Started Executing.
Started Executing.
Started Executing.
testUpdateExistingPet started executing.
HTTP/1.1 200 OK
{
    "id": 9223372036854097907,
    "category": {
        "id": 234,
        "name": "Animal555"
    },
    "name": "Lucky",
    "photoUrls": [
        "www.google.com",
        "www.facebook.com"
    ],
    "tags": [
        {
            "id": 22,
            "name": "Black"
        }
    ],
    "status": "pending"
}
]]></system-out>
  </testcase>
  <testcase name="testUpdateExistingPet[null, 345, Fish555, Goldy, www.google.com, www.facebook.com, 33, Golden, sold](3)" classname="api.test.PetTest" time="1.399">
    <system-out><![CDATA[testUpdateExistingPet got successfully executed.
Started Executing.
Started Executing.
Started Executing.
testUpdateExistingPet started executing.
HTTP/1.1 200 OK
{
    "id": 9223372036854097916,
    "category": {
        "id": 345,
        "name": "Fish555"
    },
    "name": "Goldy",
    "photoUrls": [
        "www.google.com",
        "www.facebook.com"
    ],
    "tags": [
        {
            "id": 33,
            "name": "Golden"
        }
    ],
    "status": "sold"
}
]]></system-out>
  </testcase>
  <testcase name="testFindPetByStatus" classname="api.test.PetTest" time="1.391">
    <system-out><![CDATA[testUpdateExistingPet got successfully executed.
Started Executing.
Started Executing.
Started Executing.
testFindPetByStatus started executing.
HTTP/1.1 200 OK
[
    {
        "id": 9223372036854097158,
        "category": {
            "id": 0,
            "name": "turtle "
        },
        "name": "Rex",
        "photoUrls": [
            "https://example.com/image6435.jpg"
        ],
        "tags": [
            {
                "id": 0,
                "name": "goat"
            }
        ],
        "status": "pending"
    },
    {
        "id": 9223372036854097339,
        "category": {
            "id": 234,
            "name": "Animal555"
        },
        "name": "Lucky",
        "photoUrls": [
            "www.google.com",
            "www.facebook.com"
        ],
        "tags": [
            {
                "id": 22,
                "name": "Black"
            }
        ],
        "status": "pending"
    },
    {
        "id": 2,
        "category": {
            "id": 234,
            "name": "Animal"
        },
        "name": "Lucky",
        "photoUrls": [
            "www.google.com",
            "www.facebook.com"
        ],
        "tags": [
            {
                "id": 20,
                "name": "Black"
            }
        ],
        "status": "pending"
    },
    {
        "id": 9223372036854097907,
        "category": {
            "id": 234,
            "name": "Animal555"
        },
        "name": "Lucky",
        "photoUrls": [
            "www.google.com",
            "www.facebook.com"
        ],
        "tags": [
            {
                "id": 22,
                "name": "Black"
            }
        ],
        "status": "pending"
    }
]
]]></system-out>
  </testcase>
  <testcase name="testFindPetByTags" classname="api.test.PetTest" time="1.394">
    <system-out><![CDATA[testFindPetByStatus got successfully executed.
Started Executing.
Started Executing.
Started Executing.
testFindPetByTags started executing.
HTTP/1.1 200 OK
[
    {
        "id": 9223372036854097338,
        "category": {
            "id": 123,
            "name": "Bird555"
        },
        "name": "Sona",
        "photoUrls": [
            "www.google.com",
            "www.facebook.com"
        ],
        "tags": [
            {
                "id": 11,
                "name": "Red"
            }
        ],
        "status": "available"
    },
    {
        "id": 1,
        "category": {
            "id": 123,
            "name": "Bird"
        },
        "name": "Sona",
        "photoUrls": [
            "www.google.com",
            "www.facebook.com"
        ],
        "tags": [
            {
                "id": 10,
                "name": "Red"
            }
        ],
        "status": "available"
    },
    {
        "id": 9223372036854097905,
        "category": {
            "id": 123,
            "name": "Bird555"
        },
        "name": "Sona",
        "photoUrls": [
            "www.google.com",
            "www.facebook.com"
        ],
        "tags": [
            {
                "id": 11,
                "name": "Red"
            }
        ],
        "status": "available"
    }
]
]]></system-out>
  </testcase>
  <testcase name="testFindPet[1, 123, Bird, Sona, www.google.com, www.facebook.com, 10, Red, available](1)" classname="api.test.PetTest" time="2.79">
    <system-out><![CDATA[testFindPetByTags got successfully executed.
Started Executing.
Started Executing.
Started Executing.
testFindPet started executing.
HTTP/1.1 200 OK
{
    "id": 1,
    "category": {
        "id": 123,
        "name": "Bird"
    },
    "name": "Sona",
    "photoUrls": [
        "www.google.com",
        "www.facebook.com"
    ],
    "tags": [
        {
            "id": 10,
            "name": "Red"
        }
    ],
    "status": "available"
}
]]></system-out>
  </testcase>
  <testcase name="testFindPet[2, 234, Animal, Lucky, www.google.com, www.facebook.com, 20, Black, pending](2)" classname="api.test.PetTest" time="2.801">
    <system-out><![CDATA[testFindPet got successfully executed.
Started Executing.
Started Executing.
Started Executing.
testFindPet started executing.
HTTP/1.1 200 OK
{
    "id": 2,
    "category": {
        "id": 234,
        "name": "Animal"
    },
    "name": "Lucky",
    "photoUrls": [
        "www.google.com",
        "www.facebook.com"
    ],
    "tags": [
        {
            "id": 20,
            "name": "Black"
        }
    ],
    "status": "pending"
}
]]></system-out>
  </testcase>
  <testcase name="testFindPet[3, 345, Fish, Goldy, www.google.com, www.facebook.com, 30, Golden, sold](3)" classname="api.test.PetTest" time="2.626">
    <system-out><![CDATA[testFindPet got successfully executed.
Started Executing.
Started Executing.
Started Executing.
testFindPet started executing.
HTTP/1.1 200 OK
{
    "id": 3,
    "category": {
        "id": 345,
        "name": "Fish"
    },
    "name": "Goldy",
    "photoUrls": [
        "www.google.com",
        "www.facebook.com"
    ],
    "tags": [
        {
            "id": 30,
            "name": "Golden"
        }
    ],
    "status": "sold"
}
]]></system-out>
  </testcase>
  <testcase name="testUpdatePet" classname="api.test.PetTest" time="1.756">
    <system-out><![CDATA[testFindPet got successfully executed.
Started Executing.
Started Executing.
Started Executing.
testUpdatePet started executing.
HTTP/1.1 200 OK
{
    "code": 200,
    "type": "unknown",
    "message": "3"
}
]]></system-out>
  </testcase>
  <testcase name="testUploadPetImage" classname="api.test.PetTest" time="1.555">
    <system-out><![CDATA[testUpdatePet got successfully executed.
Started Executing.
Started Executing.
Started Executing.
testUploadPetImage started executing.
HTTP/1.1 200 OK
{
    "code": 200,
    "type": "unknown",
    "message": "additionalMetadata: Google Image\nFile uploaded to ./store.json, 601 bytes"
}
]]></system-out>
  </testcase>
  <testcase name="testDeletePet" classname="api.test.PetTest" time="1.389">
    <system-out><![CDATA[testUploadPetImage got successfully executed.
Started Executing.
Started Executing.
Started Executing.
testDeletePet started executing.
HTTP/1.1 200 OK
{
    "code": 200,
    "type": "unknown",
    "message": "2"
}
]]></system-out>
  </testcase>
  <testcase name="testPostStore" classname="api.test.StoreTest" time="1.445">
    <system-out><![CDATA[testDeletePet got successfully executed.
Started Executing.
Started Executing.
Started Executing.
testPostStore started executing.
HTTP/1.1 200 OK
{
    "id": 2,
    "petId": 2000,
    "quantity": 33,
    "shipDate": "2023-12-12T16:35:59.906+0000",
    "status": "placed",
    "complete": true
}
]]></system-out>
  </testcase>
  <testcase name="testGetStore" classname="api.test.StoreTest" time="2.115">
    <system-out><![CDATA[testPostStore got successfully executed.
Started Executing.
Started Executing.
Started Executing.
testGetStore started executing.
HTTP/1.1 200 OK
{
    "id": 2,
    "petId": 2000,
    "quantity": 33,
    "shipDate": "2023-12-12T16:35:59.906+0000",
    "status": "placed",
    "complete": true
}
]]></system-out>
  </testcase>
  <testcase name="testGetStoreInventories" classname="api.test.StoreTest" time="1.365">
    <system-out><![CDATA[testGetStore got successfully executed.
Started Executing.
Started Executing.
Started Executing.
testGetStoreInventories started executing.
HTTP/1.1 200 OK
{
    "sold": 20,
    "SOLD": 1,
    "string": 601,
    "pending": 4,
    "available": 152,
    "status": 19
}
]]></system-out>
  </testcase>
  <testcase name="testDeleteStore" classname="api.test.StoreTest" time="1.418">
    <system-out><![CDATA[testGetStoreInventories got successfully executed.
Started Executing.
Started Executing.
Started Executing.
testDeleteStore started executing.
HTTP/1.1 200 OK
{
    "code": 200,
    "type": "unknown",
    "message": "2"
}
]]></system-out>
  </testcase>
  <testcase name="testPostUser" classname="api.test.UserTest" time="1.357">
    <system-out><![CDATA[testDeleteStore got successfully executed.
Started Executing.
Started Executing.
Started Executing.
testPostUser started executing.
HTTP/1.1 200 OK
Date: Wed, 02 Oct 2024 15:37:37 GMT
Content-Type: application/json
Transfer-Encoding: chunked
Connection: keep-alive
Access-Control-Allow-Origin: *
Access-Control-Allow-Methods: GET, POST, DELETE, PUT
Access-Control-Allow-Headers: Content-Type, api_key, Authorization
Server: Jetty(9.2.9.v20150224)

{
    "code": 200,
    "type": "unknown",
    "message": "1914928104"
}
]]></system-out>
  </testcase>
  <testcase name="testGetUser" classname="api.test.UserTest" time="1.295">
    <system-out><![CDATA[testPostUser got successfully executed.
Started Executing.
Started Executing.
Started Executing.
testGetUser started executing.
HTTP/1.1 200 OK
{
    "id": 1914928104,
    "username": "robert.pagac",
    "firstName": "Socorro",
    "lastName": "Little",
    "email": "maximo.oreilly@example.com",
    "password": "fgxkns97ca6v7vl",
    "phone": "(638) 726-9858",
    "userStatus": 0
}
robert.pagac
]]></system-out>
  </testcase>
  <testcase name="testPutUser" classname="api.test.UserTest" time="1.257">
    <system-out><![CDATA[testGetUser got successfully executed.
Started Executing.
Started Executing.
Started Executing.
testPutUser started executing.
HTTP/1.1 200 OK
{
    "id": 1914928104,
    "username": "robert.pagac",
    "firstName": "Socorro",
    "lastName": "Little",
    "email": "maximo.oreilly@example.com",
    "password": "fgxkns97ca6v7vl",
    "phone": "(638) 726-9858",
    "userStatus": 0
}
]]></system-out>
  </testcase>
  <testcase name="testDeleteUser" classname="api.test.UserTest" time="1.34">
    <system-out><![CDATA[testPutUser got successfully executed.
Started Executing.
Started Executing.
Started Executing.
testDeleteUser started executing.
HTTP/1.1 200 OK
{
    "id": 1914928104,
    "username": "robert.pagac",
    "firstName": "Socorro",
    "lastName": "Little",
    "email": "maximo.oreilly@example.com",
    "password": "fgxkns97ca6v7vl",
    "phone": "(638) 726-9858",
    "userStatus": 0
}
]]></system-out>
  </testcase>
  <testcase name="testLoginUser" classname="api.test.UserTest" time="1.359">
    <system-out><![CDATA[testDeleteUser got successfully executed.
Started Executing.
Started Executing.
Started Executing.
testLoginUser started executing.
HTTP/1.1 200 OK
{
    "code": 200,
    "type": "unknown",
    "message": "logged in user session:1727883463168"
}
]]></system-out>
  </testcase>
  <testcase name="testLogoutUser" classname="api.test.UserTest" time="1.325">
    <system-out><![CDATA[testLoginUser got successfully executed.
Started Executing.
Started Executing.
Started Executing.
testLogoutUser started executing.
HTTP/1.1 200 OK
{
    "code": 200,
    "type": "unknown",
    "message": "ok"
}
]]></system-out>
  </testcase>
  <testcase name="testLoginUserTime" classname="api.test.UserTest" time="1.345">
    <system-out><![CDATA[testLogoutUser got successfully executed.
Started Executing.
Started Executing.
Started Executing.
testLoginUserTime started executing.
HTTP/1.1 200 OK
{
    "code": 200,
    "type": "unknown",
    "message": "logged in user session:1727883465812"
}
]]></system-out>
  </testcase>
  <testcase name="testLogoutUserTime" classname="api.test.UserTest" time="1.35">
    <system-out><![CDATA[testLoginUserTime got successfully executed.
Started Executing.
Started Executing.
Started Executing.
testLogoutUserTime started executing.
HTTP/1.1 200 OK
{
    "code": 200,
    "type": "unknown",
    "message": "ok"
}
]]></system-out>
  </testcase>
  <testcase name="testCreateUsers" classname="api.test.UserTest" time="1.277">
    <system-out><![CDATA[testLogoutUserTime got successfully executed.
Started Executing.
Started Executing.
Started Executing.
testCreateUsers started executing.
HTTP/1.1 200 OK
{
    "code": 200,
    "type": "unknown",
    "message": "ok"
}
]]></system-out>
  </testcase>
</testsuite>