<?xml version="1.0" encoding="UTF-8"?>
<testng-results ignored="0" total="27" passed="27" failed="0" skipped="0">
  <reporter-output>
  </reporter-output>
  <suite started-at="2024-10-02T21:11:46 IST" name="Suite" finished-at="2024-10-02T21:12:37 IST" duration-ms="50138">
    <groups>
    </groups>
    <test started-at="2024-10-02T21:11:46 IST" name="Test" finished-at="2024-10-02T21:12:37 IST" duration-ms="50138">
      <class name="api.test.PetTest">
        <test-method is-config="true" signature="setUpData()[pri:0, instance:api.test.PetTest@3fc2959f]" started-at="2024-10-02T21:11:47 IST" name="setUpData" finished-at="2024-10-02T21:11:47 IST" duration-ms="16" status="PASS">
          <reporter-output>
          </reporter-output>
        </test-method> <!-- setUpData -->
        <test-method signature="testAddNewPet(java.lang.String,java.lang.String,java.lang.String,java.lang.String,java.lang.String,java.lang.String,java.lang.String,java.lang.String,java.lang.String)[pri:1, instance:api.test.PetTest@3fc2959f]" started-at="2024-10-02T21:11:50 IST" name="testAddNewPet" data-provider="PetData" finished-at="2024-10-02T21:11:54 IST" duration-ms="4600" status="PASS">
          <params>
            <param index="0">
              <value>
                <![CDATA[1]]>
              </value>
            </param>
            <param index="1">
              <value>
                <![CDATA[123]]>
              </value>
            </param>
            <param index="2">
              <value>
                <![CDATA[Bird]]>
              </value>
            </param>
            <param index="3">
              <value>
                <![CDATA[Sona]]>
              </value>
            </param>
            <param index="4">
              <value>
                <![CDATA[www.google.com]]>
              </value>
            </param>
            <param index="5">
              <value>
                <![CDATA[www.facebook.com]]>
              </value>
            </param>
            <param index="6">
              <value>
                <![CDATA[10]]>
              </value>
            </param>
            <param index="7">
              <value>
                <![CDATA[Red]]>
              </value>
            </param>
            <param index="8">
              <value>
                <![CDATA[available]]>
              </value>
            </param>
          </params>
          <reporter-output>
          </reporter-output>
        </test-method> <!-- testAddNewPet -->
        <test-method signature="testAddNewPet(java.lang.String,java.lang.String,java.lang.String,java.lang.String,java.lang.String,java.lang.String,java.lang.String,java.lang.String,java.lang.String)[pri:1, instance:api.test.PetTest@3fc2959f]" started-at="2024-10-02T21:11:54 IST" name="testAddNewPet" data-provider="PetData" finished-at="2024-10-02T21:11:56 IST" duration-ms="1463" status="PASS">
          <params>
            <param index="0">
              <value>
                <![CDATA[2]]>
              </value>
            </param>
            <param index="1">
              <value>
                <![CDATA[234]]>
              </value>
            </param>
            <param index="2">
              <value>
                <![CDATA[Animal]]>
              </value>
            </param>
            <param index="3">
              <value>
                <![CDATA[Lucky]]>
              </value>
            </param>
            <param index="4">
              <value>
                <![CDATA[www.google.com]]>
              </value>
            </param>
            <param index="5">
              <value>
                <![CDATA[www.facebook.com]]>
              </value>
            </param>
            <param index="6">
              <value>
                <![CDATA[20]]>
              </value>
            </param>
            <param index="7">
              <value>
                <![CDATA[Black]]>
              </value>
            </param>
            <param index="8">
              <value>
                <![CDATA[pending]]>
              </value>
            </param>
          </params>
          <reporter-output>
          </reporter-output>
        </test-method> <!-- testAddNewPet -->
        <test-method signature="testAddNewPet(java.lang.String,java.lang.String,java.lang.String,java.lang.String,java.lang.String,java.lang.String,java.lang.String,java.lang.String,java.lang.String)[pri:1, instance:api.test.PetTest@3fc2959f]" started-at="2024-10-02T21:11:56 IST" name="testAddNewPet" data-provider="PetData" finished-at="2024-10-02T21:11:57 IST" duration-ms="1393" status="PASS">
          <params>
            <param index="0">
              <value>
                <![CDATA[3]]>
              </value>
            </param>
            <param index="1">
              <value>
                <![CDATA[345]]>
              </value>
            </param>
            <param index="2">
              <value>
                <![CDATA[Fish]]>
              </value>
            </param>
            <param index="3">
              <value>
                <![CDATA[Goldy]]>
              </value>
            </param>
            <param index="4">
              <value>
                <![CDATA[www.google.com]]>
              </value>
            </param>
            <param index="5">
              <value>
                <![CDATA[www.facebook.com]]>
              </value>
            </param>
            <param index="6">
              <value>
                <![CDATA[30]]>
              </value>
            </param>
            <param index="7">
              <value>
                <![CDATA[Golden]]>
              </value>
            </param>
            <param index="8">
              <value>
                <![CDATA[sold]]>
              </value>
            </param>
          </params>
          <reporter-output>
          </reporter-output>
        </test-method> <!-- testAddNewPet -->
        <test-method signature="testUpdateExistingPet(java.lang.String,java.lang.String,java.lang.String,java.lang.String,java.lang.String,java.lang.String,java.lang.String,java.lang.String,java.lang.String)[pri:2, instance:api.test.PetTest@3fc2959f]" started-at="2024-10-02T21:11:58 IST" name="testUpdateExistingPet" data-provider="UpdatedPetData" finished-at="2024-10-02T21:11:59 IST" duration-ms="1385" status="PASS">
          <params>
            <param index="0">
              <value is-null="true"/>
            </param>
            <param index="1">
              <value>
                <![CDATA[123]]>
              </value>
            </param>
            <param index="2">
              <value>
                <![CDATA[Bird555]]>
              </value>
            </param>
            <param index="3">
              <value>
                <![CDATA[Sona]]>
              </value>
            </param>
            <param index="4">
              <value>
                <![CDATA[www.google.com]]>
              </value>
            </param>
            <param index="5">
              <value>
                <![CDATA[www.facebook.com]]>
              </value>
            </param>
            <param index="6">
              <value>
                <![CDATA[11]]>
              </value>
            </param>
            <param index="7">
              <value>
                <![CDATA[Red]]>
              </value>
            </param>
            <param index="8">
              <value>
                <![CDATA[available]]>
              </value>
            </param>
          </params>
          <reporter-output>
          </reporter-output>
        </test-method> <!-- testUpdateExistingPet -->
        <test-method signature="testUpdateExistingPet(java.lang.String,java.lang.String,java.lang.String,java.lang.String,java.lang.String,java.lang.String,java.lang.String,java.lang.String,java.lang.String)[pri:2, instance:api.test.PetTest@3fc2959f]" started-at="2024-10-02T21:11:59 IST" name="testUpdateExistingPet" data-provider="UpdatedPetData" finished-at="2024-10-02T21:12:01 IST" duration-ms="1355" status="PASS">
          <params>
            <param index="0">
              <value is-null="true"/>
            </param>
            <param index="1">
              <value>
                <![CDATA[234]]>
              </value>
            </param>
            <param index="2">
              <value>
                <![CDATA[Animal555]]>
              </value>
            </param>
            <param index="3">
              <value>
                <![CDATA[Lucky]]>
              </value>
            </param>
            <param index="4">
              <value>
                <![CDATA[www.google.com]]>
              </value>
            </param>
            <param index="5">
              <value>
                <![CDATA[www.facebook.com]]>
              </value>
            </param>
            <param index="6">
              <value>
                <![CDATA[22]]>
              </value>
            </param>
            <param index="7">
              <value>
                <![CDATA[Black]]>
              </value>
            </param>
            <param index="8">
              <value>
                <![CDATA[pending]]>
              </value>
            </param>
          </params>
          <reporter-output>
          </reporter-output>
        </test-method> <!-- testUpdateExistingPet -->
        <test-method signature="testUpdateExistingPet(java.lang.String,java.lang.String,java.lang.String,java.lang.String,java.lang.String,java.lang.String,java.lang.String,java.lang.String,java.lang.String)[pri:2, instance:api.test.PetTest@3fc2959f]" started-at="2024-10-02T21:12:01 IST" name="testUpdateExistingPet" data-provider="UpdatedPetData" finished-at="2024-10-02T21:12:02 IST" duration-ms="1317" status="PASS">
          <params>
            <param index="0">
              <value is-null="true"/>
            </param>
            <param index="1">
              <value>
                <![CDATA[345]]>
              </value>
            </param>
            <param index="2">
              <value>
                <![CDATA[Fish555]]>
              </value>
            </param>
            <param index="3">
              <value>
                <![CDATA[Goldy]]>
              </value>
            </param>
            <param index="4">
              <value>
                <![CDATA[www.google.com]]>
              </value>
            </param>
            <param index="5">
              <value>
                <![CDATA[www.facebook.com]]>
              </value>
            </param>
            <param index="6">
              <value>
                <![CDATA[33]]>
              </value>
            </param>
            <param index="7">
              <value>
                <![CDATA[Golden]]>
              </value>
            </param>
            <param index="8">
              <value>
                <![CDATA[sold]]>
              </value>
            </param>
          </params>
          <reporter-output>
          </reporter-output>
        </test-method> <!-- testUpdateExistingPet -->
        <test-method signature="testFindPetByStatus()[pri:3, instance:api.test.PetTest@3fc2959f]" started-at="2024-10-02T21:12:02 IST" name="testFindPetByStatus" finished-at="2024-10-02T21:12:03 IST" duration-ms="1368" status="PASS">
          <reporter-output>
          </reporter-output>
        </test-method> <!-- testFindPetByStatus -->
        <test-method signature="testFindPetByTags()[pri:4, instance:api.test.PetTest@3fc2959f]" started-at="2024-10-02T21:12:03 IST" name="testFindPetByTags" finished-at="2024-10-02T21:12:05 IST" duration-ms="1435" status="PASS">
          <reporter-output>
          </reporter-output>
        </test-method> <!-- testFindPetByTags -->
        <test-method signature="testFindPet(java.lang.String,java.lang.String,java.lang.String,java.lang.String,java.lang.String,java.lang.String,java.lang.String,java.lang.String,java.lang.String)[pri:5, instance:api.test.PetTest@3fc2959f]" started-at="2024-10-02T21:12:05 IST" name="testFindPet" data-provider="PetData" finished-at="2024-10-02T21:12:08 IST" duration-ms="2656" status="PASS">
          <params>
            <param index="0">
              <value>
                <![CDATA[1]]>
              </value>
            </param>
            <param index="1">
              <value>
                <![CDATA[123]]>
              </value>
            </param>
            <param index="2">
              <value>
                <![CDATA[Bird]]>
              </value>
            </param>
            <param index="3">
              <value>
                <![CDATA[Sona]]>
              </value>
            </param>
            <param index="4">
              <value>
                <![CDATA[www.google.com]]>
              </value>
            </param>
            <param index="5">
              <value>
                <![CDATA[www.facebook.com]]>
              </value>
            </param>
            <param index="6">
              <value>
                <![CDATA[10]]>
              </value>
            </param>
            <param index="7">
              <value>
                <![CDATA[Red]]>
              </value>
            </param>
            <param index="8">
              <value>
                <![CDATA[available]]>
              </value>
            </param>
          </params>
          <reporter-output>
          </reporter-output>
        </test-method> <!-- testFindPet -->
        <test-method signature="testFindPet(java.lang.String,java.lang.String,java.lang.String,java.lang.String,java.lang.String,java.lang.String,java.lang.String,java.lang.String,java.lang.String)[pri:5, instance:api.test.PetTest@3fc2959f]" started-at="2024-10-02T21:12:08 IST" name="testFindPet" data-provider="PetData" finished-at="2024-10-02T21:12:11 IST" duration-ms="2751" status="PASS">
          <params>
            <param index="0">
              <value>
                <![CDATA[2]]>
              </value>
            </param>
            <param index="1">
              <value>
                <![CDATA[234]]>
              </value>
            </param>
            <param index="2">
              <value>
                <![CDATA[Animal]]>
              </value>
            </param>
            <param index="3">
              <value>
                <![CDATA[Lucky]]>
              </value>
            </param>
            <param index="4">
              <value>
                <![CDATA[www.google.com]]>
              </value>
            </param>
            <param index="5">
              <value>
                <![CDATA[www.facebook.com]]>
              </value>
            </param>
            <param index="6">
              <value>
                <![CDATA[20]]>
              </value>
            </param>
            <param index="7">
              <value>
                <![CDATA[Black]]>
              </value>
            </param>
            <param index="8">
              <value>
                <![CDATA[pending]]>
              </value>
            </param>
          </params>
          <reporter-output>
          </reporter-output>
        </test-method> <!-- testFindPet -->
        <test-method signature="testFindPet(java.lang.String,java.lang.String,java.lang.String,java.lang.String,java.lang.String,java.lang.String,java.lang.String,java.lang.String,java.lang.String)[pri:5, instance:api.test.PetTest@3fc2959f]" started-at="2024-10-02T21:12:11 IST" name="testFindPet" data-provider="PetData" finished-at="2024-10-02T21:12:13 IST" duration-ms="2716" status="PASS">
          <params>
            <param index="0">
              <value>
                <![CDATA[3]]>
              </value>
            </param>
            <param index="1">
              <value>
                <![CDATA[345]]>
              </value>
            </param>
            <param index="2">
              <value>
                <![CDATA[Fish]]>
              </value>
            </param>
            <param index="3">
              <value>
                <![CDATA[Goldy]]>
              </value>
            </param>
            <param index="4">
              <value>
                <![CDATA[www.google.com]]>
              </value>
            </param>
            <param index="5">
              <value>
                <![CDATA[www.facebook.com]]>
              </value>
            </param>
            <param index="6">
              <value>
                <![CDATA[30]]>
              </value>
            </param>
            <param index="7">
              <value>
                <![CDATA[Golden]]>
              </value>
            </param>
            <param index="8">
              <value>
                <![CDATA[sold]]>
              </value>
            </param>
          </params>
          <reporter-output>
          </reporter-output>
        </test-method> <!-- testFindPet -->
        <test-method signature="testUpdatePet()[pri:6, instance:api.test.PetTest@3fc2959f]" started-at="2024-10-02T21:12:13 IST" name="testUpdatePet" finished-at="2024-10-02T21:12:15 IST" duration-ms="1389" status="PASS">
          <reporter-output>
          </reporter-output>
        </test-method> <!-- testUpdatePet -->
        <test-method signature="testUploadPetImage()[pri:7, instance:api.test.PetTest@3fc2959f]" started-at="2024-10-02T21:12:15 IST" name="testUploadPetImage" finished-at="2024-10-02T21:12:16 IST" duration-ms="1450" status="PASS">
          <reporter-output>
          </reporter-output>
        </test-method> <!-- testUploadPetImage -->
        <test-method signature="testDeletePet()[pri:8, instance:api.test.PetTest@3fc2959f]" started-at="2024-10-02T21:12:16 IST" name="testDeletePet" finished-at="2024-10-02T21:12:18 IST" duration-ms="1305" status="PASS">
          <reporter-output>
          </reporter-output>
        </test-method> <!-- testDeletePet -->
      </class> <!-- api.test.PetTest -->
      <class name="api.test.UserTest">
        <test-method is-config="true" signature="setUpData()[pri:0, instance:api.test.UserTest@217ed35e]" started-at="2024-10-02T21:12:18 IST" name="setUpData" finished-at="2024-10-02T21:12:18 IST" duration-ms="289" status="PASS">
          <reporter-output>
          </reporter-output>
        </test-method> <!-- setUpData -->
        <test-method signature="testPostUser()[pri:1, instance:api.test.UserTest@217ed35e]" started-at="2024-10-02T21:12:18 IST" name="testPostUser" finished-at="2024-10-02T21:12:19 IST" duration-ms="1349" status="PASS">
          <reporter-output>
          </reporter-output>
        </test-method> <!-- testPostUser -->
        <test-method signature="testGetUser()[pri:2, instance:api.test.UserTest@217ed35e]" started-at="2024-10-02T21:12:19 IST" name="testGetUser" finished-at="2024-10-02T21:12:21 IST" duration-ms="2150" status="PASS">
          <reporter-output>
          </reporter-output>
        </test-method> <!-- testGetUser -->
        <test-method signature="testPutUser()[pri:3, instance:api.test.UserTest@217ed35e]" started-at="2024-10-02T21:12:21 IST" name="testPutUser" finished-at="2024-10-02T21:12:23 IST" duration-ms="1361" status="PASS">
          <reporter-output>
          </reporter-output>
        </test-method> <!-- testPutUser -->
        <test-method signature="testDeleteUser()[pri:4, instance:api.test.UserTest@217ed35e]" started-at="2024-10-02T21:12:23 IST" name="testDeleteUser" finished-at="2024-10-02T21:12:24 IST" duration-ms="1396" status="PASS">
          <reporter-output>
          </reporter-output>
        </test-method> <!-- testDeleteUser -->
        <test-method signature="testLoginUser()[pri:5, instance:api.test.UserTest@217ed35e]" started-at="2024-10-02T21:12:24 IST" name="testLoginUser" finished-at="2024-10-02T21:12:25 IST" duration-ms="1398" status="PASS">
          <reporter-output>
          </reporter-output>
        </test-method> <!-- testLoginUser -->
        <test-method signature="testLogoutUser()[pri:6, instance:api.test.UserTest@217ed35e]" started-at="2024-10-02T21:12:25 IST" name="testLogoutUser" finished-at="2024-10-02T21:12:27 IST" duration-ms="1357" status="PASS">
          <reporter-output>
          </reporter-output>
        </test-method> <!-- testLogoutUser -->
        <test-method signature="testLoginUserTime()[pri:7, instance:api.test.UserTest@217ed35e]" started-at="2024-10-02T21:12:27 IST" name="testLoginUserTime" finished-at="2024-10-02T21:12:28 IST" duration-ms="1358" status="PASS">
          <reporter-output>
          </reporter-output>
        </test-method> <!-- testLoginUserTime -->
        <test-method signature="testLogoutUserTime()[pri:8, instance:api.test.UserTest@217ed35e]" started-at="2024-10-02T21:12:28 IST" name="testLogoutUserTime" finished-at="2024-10-02T21:12:30 IST" duration-ms="1361" status="PASS">
          <reporter-output>
          </reporter-output>
        </test-method> <!-- testLogoutUserTime -->
        <test-method signature="testCreateUsers()[pri:9, instance:api.test.UserTest@217ed35e]" started-at="2024-10-02T21:12:30 IST" name="testCreateUsers" finished-at="2024-10-02T21:12:31 IST" duration-ms="1394" status="PASS">
          <reporter-output>
          </reporter-output>
        </test-method> <!-- testCreateUsers -->
      </class> <!-- api.test.UserTest -->
      <class name="api.test.StoreTest">
        <test-method is-config="true" signature="setUpData()[pri:0, instance:api.test.StoreTest@7dcf94f8]" started-at="2024-10-02T21:12:31 IST" name="setUpData" finished-at="2024-10-02T21:12:31 IST" duration-ms="3" status="PASS">
          <reporter-output>
          </reporter-output>
        </test-method> <!-- setUpData -->
        <test-method signature="testPostStore()[pri:1, instance:api.test.StoreTest@7dcf94f8]" started-at="2024-10-02T21:12:31 IST" name="testPostStore" finished-at="2024-10-02T21:12:32 IST" duration-ms="1391" status="PASS">
          <reporter-output>
          </reporter-output>
        </test-method> <!-- testPostStore -->
        <test-method signature="testGetStore()[pri:2, instance:api.test.StoreTest@7dcf94f8]" started-at="2024-10-02T21:12:32 IST" name="testGetStore" finished-at="2024-10-02T21:12:34 IST" duration-ms="1379" status="PASS">
          <reporter-output>
          </reporter-output>
        </test-method> <!-- testGetStore -->
        <test-method signature="testGetStoreInventories()[pri:3, instance:api.test.StoreTest@7dcf94f8]" started-at="2024-10-02T21:12:34 IST" name="testGetStoreInventories" finished-at="2024-10-02T21:12:35 IST" duration-ms="1500" status="PASS">
          <reporter-output>
          </reporter-output>
        </test-method> <!-- testGetStoreInventories -->
        <test-method signature="testDeleteStore()[pri:4, instance:api.test.StoreTest@7dcf94f8]" started-at="2024-10-02T21:12:35 IST" name="testDeleteStore" finished-at="2024-10-02T21:12:37 IST" duration-ms="1396" status="PASS">
          <reporter-output>
          </reporter-output>
        </test-method> <!-- testDeleteStore -->
      </class> <!-- api.test.StoreTest -->
    </test> <!-- Test -->
  </suite> <!-- Suite -->
</testng-results>
